Log file open, 10/27/20 08:39:17
LogWindows: Failed to load 'aqProf.dll' (GetLastError=126)
LogWindows: File 'aqProf.dll' does not exist
LogWindows: Failed to load 'VtuneApi.dll' (GetLastError=126)
LogWindows: File 'VtuneApi.dll' does not exist
LogWindows: Failed to load 'VtuneApi32e.dll' (GetLastError=126)
LogWindows: File 'VtuneApi32e.dll' does not exist
LogConsoleResponse: Display: Failed to find resolution value strings in scalability ini. Falling back to default.
LogInit: Display: Running engine for game: varest
LogPlatformFile: Not using cached read wrapper
LogTaskGraph: Started task graph with 5 named threads and 20 total threads with 3 sets of task threads.
LogStats: Stats thread started at 0.069905
LogD3D11RHI: Loaded GFSDK_Aftermath_Lib.x64.dll
LogICUInternationalization: ICU TimeZone Detection - Raw Offset: +8:00, Platform Override: ''
LogPluginManager: Mounting plugin Paper2D
LogPluginManager: Mounting plugin AISupport
LogPluginManager: Mounting plugin LightPropagationVolume
LogPluginManager: Mounting plugin ActorLayerUtilities
LogPluginManager: Mounting plugin AnimationSharing
LogPluginManager: Mounting plugin CLionSourceCodeAccess
LogPluginManager: Mounting plugin CodeLiteSourceCodeAccess
LogPluginManager: Mounting plugin GitSourceControl
LogPluginManager: Mounting plugin KDevelopSourceCodeAccess
LogPluginManager: Mounting plugin NullSourceCodeAccess
LogPluginManager: Mounting plugin PerforceSourceControl
LogPluginManager: Mounting plugin SubversionSourceControl
LogPluginManager: Mounting plugin UObjectPlugin
LogPluginManager: Mounting plugin VisualStudioCodeSourceCodeAccess
LogPluginManager: Mounting plugin VisualStudioSourceCodeAccess
LogPluginManager: Mounting plugin XCodeSourceCodeAccess
LogPluginManager: Mounting plugin AssetManagerEditor
LogPluginManager: Mounting plugin CryptoKeys
LogPluginManager: Mounting plugin CurveEditorTools
LogPluginManager: Mounting plugin DataValidation
LogPluginManager: Mounting plugin FacialAnimation
LogPluginManager: Mounting plugin GameplayTagsEditor
LogPluginManager: Mounting plugin MacGraphicsSwitching
LogPluginManager: Mounting plugin MaterialAnalyzer
LogPluginManager: Mounting plugin MobileLauncherProfileWizard
LogPluginManager: Mounting plugin PluginBrowser
LogPluginManager: Mounting plugin SpeedTreeImporter
LogPluginManager: Mounting plugin DatasmithContent
LogPluginManager: Mounting plugin VariantManagerContent
LogPluginManager: Mounting plugin AlembicImporter
LogPluginManager: Mounting plugin AutomationUtils
LogPluginManager: Mounting plugin BackChannel
LogPluginManager: Mounting plugin CharacterAI
LogPluginManager: Mounting plugin GeometryCache
LogPluginManager: Mounting plugin HTML5Networking
LogPluginManager: Mounting plugin PlatformCrypto
LogPluginManager: Mounting plugin ProxyLODPlugin
LogPluginManager: Mounting plugin SkeletalReduction
LogPluginManager: Mounting plugin MagicLeap
LogPluginManager: Mounting plugin MagicLeapMedia
LogPluginManager: Mounting plugin VaRestPlugin
LogPluginManager: Mounting plugin AndroidMedia
LogPluginManager: Mounting plugin AvfMedia
LogPluginManager: Mounting plugin ImgMedia
LogPluginManager: Mounting plugin MediaCompositing
LogPluginManager: Mounting plugin MediaPlayerEditor
LogPluginManager: Mounting plugin WebMMedia
LogPluginManager: Mounting plugin WmfMedia
LogPluginManager: Mounting plugin TcpMessaging
LogPluginManager: Mounting plugin UdpMessaging
LogPluginManager: Mounting plugin ActorSequence
LogPluginManager: Mounting plugin LevelSequenceEditor
LogPluginManager: Mounting plugin MatineeToLevelSequence
LogPluginManager: Mounting plugin NetcodeUnitTest
LogPluginManager: Mounting plugin NUTUnrealEngine4
LogPluginManager: Mounting plugin OnlineSubsystemGooglePlay
LogPluginManager: Mounting plugin OnlineSubsystemIOS
LogPluginManager: Mounting plugin OnlineSubsystem
LogPluginManager: Mounting plugin OnlineSubsystemNull
LogPluginManager: Mounting plugin OnlineSubsystemUtils
LogPluginManager: Mounting plugin LauncherChunkInstaller
LogPluginManager: Mounting plugin AndroidDeviceProfileSelector
LogPluginManager: Mounting plugin AndroidMoviePlayer
LogPluginManager: Mounting plugin AndroidPermission
LogPluginManager: Mounting plugin AppleImageUtils
LogPluginManager: Mounting plugin AppleMoviePlayer
LogPluginManager: Mounting plugin ArchVisCharacter
LogPluginManager: Mounting plugin AudioCapture
LogPluginManager: Mounting plugin CableComponent
LogPluginManager: Mounting plugin CustomMeshComponent
LogPluginManager: Mounting plugin EditableMesh
LogPluginManager: Mounting plugin ExampleDeviceProfileSelector
LogPluginManager: Mounting plugin GoogleCloudMessaging
LogPluginManager: Mounting plugin IOSDeviceProfileSelector
LogPluginManager: Mounting plugin LinuxDeviceProfileSelector
LogPluginManager: Mounting plugin LocationServicesBPLibrary
LogPluginManager: Mounting plugin MobilePatchingUtils
LogPluginManager: Mounting plugin OculusVR
LogPluginManager: Mounting plugin PhysXVehicles
LogPluginManager: Mounting plugin ProceduralMeshComponent
LogPluginManager: Mounting plugin RuntimePhysXCooking
LogPluginManager: Mounting plugin SignificanceManager
LogPluginManager: Mounting plugin SteamVR
LogPluginManager: Mounting plugin WebMMoviePlayer
LogPluginManager: Mounting plugin WindowsMoviePlayer
LogPluginManager: Mounting plugin ScreenshotTools
LogInit: Using libcurl 7.55.1-DEV
LogInit:  - built for x86_64-pc-win32
LogInit:  - supports SSL with OpenSSL/1.1.1
LogInit:  - supports HTTP deflate (compression) using libz 1.2.8
LogInit:  - other features:
LogInit:      CURL_VERSION_SSL
LogInit:      CURL_VERSION_LIBZ
LogInit:      CURL_VERSION_IPV6
LogInit:      CURL_VERSION_ASYNCHDNS
LogInit:      CURL_VERSION_LARGEFILE
LogInit:      CURL_VERSION_IDN
LogInit:  CurlRequestOptions (configurable via config and command line):
LogInit:  - bVerifyPeer = true  - Libcurl will verify peer certificate
LogInit:  - bUseHttpProxy = false  - Libcurl will NOT use HTTP proxy
LogInit:  - bDontReuseConnections = false  - Libcurl will reuse connections
LogInit:  - MaxHostConnections = 16  - Libcurl will limit the number of connections to a host
LogInit:  - LocalHostAddr = Default
LogInit:  - BufferSize = 65536
LogOnline: OSS: Creating online subsystem instance for: NULL
LogInit: WinSock: version 1.1 (2.2), MaxSocks=32767, MaxUdp=65467
LogInit: Build: ++UE4+Release-4.23-CL-9631420
LogInit: Engine Version: 4.23.1-9631420+++UE4+Release-4.23
LogInit: Compatible Engine Version: 4.23.0-8386587+++UE4+Release-4.23
LogInit: Net CL: 8386587
LogInit: OS: Windows 10 (Release 1909) (), CPU: Intel(R) Core(TM) i5-9500 CPU @ 3.00GHz, GPU: Intel(R) UHD Graphics 630
LogInit: Compiled (64-bit): Oct 18 2019 02:07:44
LogInit: Compiled with Visual C++: 19.16.27030.01
LogInit: Build Configuration: Development
LogInit: Branch Name: ++UE4+Release-4.23
LogInit: Command Line: 
LogInit: Base Directory: G:/Software/engine/UE_4.23/Engine/Binaries/Win64/
LogInit: Installed Engine Build: 1
LogDevObjectVersion: Number of dev versions registered: 23
LogDevObjectVersion:   Dev-Blueprints (B0D832E4-1F89-4F0D-ACCF-7EB736FD4AA2): 10
LogDevObjectVersion:   Dev-Build (E1C64328-A22C-4D53-A36C-8E866417BD8C): 0
LogDevObjectVersion:   Dev-Core (375EC13C-06E4-48FB-B500-84F0262A717E): 3
LogDevObjectVersion:   Dev-Editor (E4B068ED-F494-42E9-A231-DA0B2E46BB41): 34
LogDevObjectVersion:   Dev-Framework (CFFC743F-43B0-4480-9391-14DF171D2073): 35
LogDevObjectVersion:   Dev-Mobile (B02B49B5-BB20-44E9-A304-32B752E40360): 2
LogDevObjectVersion:   Dev-Networking (A4E4105C-59A1-49B5-A7C5-40C4547EDFEE): 0
LogDevObjectVersion:   Dev-Online (39C831C9-5AE6-47DC-9A44-9C173E1C8E7C): 0
LogDevObjectVersion:   Dev-Physics (78F01B33-EBEA-4F98-B9B4-84EACCB95AA2): 0
LogDevObjectVersion:   Dev-Platform (6631380F-2D4D-43E0-8009-CF276956A95A): 0
LogDevObjectVersion:   Dev-Rendering (12F88B9F-8875-4AFC-A67C-D90C383ABD29): 31
LogDevObjectVersion:   Dev-Sequencer (7B5AE74C-D270-4C10-A958-57980B212A5A): 11
LogDevObjectVersion:   Dev-VR (D7296918-1DD6-4BDD-9DE2-64A83CC13884): 2
LogDevObjectVersion:   Dev-LoadTimes (C2A15278-BFE7-4AFE-6C17-90FF531DF755): 1
LogDevObjectVersion:   Private-Geometry (6EACA3D4-40EC-4CC1-B786-8BED09428FC5): 3
LogDevObjectVersion:   Dev-AnimPhys (29E575DD-E0A3-4627-9D10-D276232CDCEA): 17
LogDevObjectVersion:   Dev-Anim (AF43A65D-7FD3-4947-9873-3E8ED9C1BB05): 2
LogDevObjectVersion:   Dev-ReflectionCapture (6B266CEC-1EC7-4B8F-A30B-E4D90942FC07): 1
LogDevObjectVersion:   Dev-Automation (0DF73D61-A23F-47EA-B727-89E90C41499A): 1
LogDevObjectVersion:   FortniteMain (601D1886-AC64-4F84-AA16-D3DE0DEAC7D6): 27
LogDevObjectVersion:   Dev-Enterprise (9DFFBCD6-494F-0158-E221-12823C92A888): 6
LogDevObjectVersion:   Dev-Niagara (F2AED0AC-9AFE-416F-8664-AA7FFA26D6FC): 1
LogDevObjectVersion:   Dev-Destruction (174F1F0B-B4C6-45A5-B13F-2EE8D0FB917D): 9
LogInit: Presizing for max 16777216 objects, including 0 objects not considered by GC, pre-allocating 0 bytes for permanent pool.
LogInit: Object subsystem initialized
LogConfig: Setting CVar [[con.DebugEarlyDefault:1]]
LogConfig: Setting CVar [[r.setres:1280x720]]
[2020.10.27-00.39.18:055][  0]LogConfig: Setting CVar [[r.VSync:0]]
[2020.10.27-00.39.18:055][  0]LogConfig: Setting CVar [[r.RHICmdBypass:0]]
[2020.10.27-00.39.18:055][  0]LogConfig: Applying CVar settings from Section [/Script/Engine.RendererSettings] File [D:/Users/Desktop/Varest/varest/Saved/Config/Windows/Engine.ini]
[2020.10.27-00.39.18:055][  0]LogConfig: Setting CVar [[r.GPUCrashDebugging:0]]
[2020.10.27-00.39.18:055][  0]LogConfig: Applying CVar settings from Section [/Script/Engine.RendererOverrideSettings] File [D:/Users/Desktop/Varest/varest/Saved/Config/Windows/Engine.ini]
[2020.10.27-00.39.18:055][  0]LogConfig: Applying CVar settings from Section [/Script/Engine.StreamingSettings] File [D:/Users/Desktop/Varest/varest/Saved/Config/Windows/Engine.ini]
[2020.10.27-00.39.18:055][  0]LogConfig: Setting CVar [[s.MinBulkDataSizeForAsyncLoading:131072]]
[2020.10.27-00.39.18:055][  0]LogConfig: Setting CVar [[s.AsyncLoadingThreadEnabled:0]]
[2020.10.27-00.39.18:055][  0]LogConfig: Setting CVar [[s.EventDrivenLoaderEnabled:1]]
[2020.10.27-00.39.18:055][  0]LogConfig: Setting CVar [[s.WarnIfTimeLimitExceeded:0]]
[2020.10.27-00.39.18:055][  0]LogConfig: Setting CVar [[s.TimeLimitExceededMultiplier:1.5]]
[2020.10.27-00.39.18:055][  0]LogConfig: Setting CVar [[s.TimeLimitExceededMinTime:0.005]]
[2020.10.27-00.39.18:055][  0]LogConfig: Setting CVar [[s.UseBackgroundLevelStreaming:1]]
[2020.10.27-00.39.18:056][  0]LogConfig: Setting CVar [[s.PriorityAsyncLoadingExtraTime:15.0]]
[2020.10.27-00.39.18:056][  0]LogConfig: Setting CVar [[s.LevelStreamingActorsUpdateTimeLimit:5.0]]
[2020.10.27-00.39.18:056][  0]LogConfig: Setting CVar [[s.PriorityLevelStreamingActorsUpdateExtraTime:5.0]]
[2020.10.27-00.39.18:056][  0]LogConfig: Setting CVar [[s.LevelStreamingComponentsRegistrationGranularity:10]]
[2020.10.27-00.39.18:056][  0]LogConfig: Setting CVar [[s.UnregisterComponentsTimeLimit:1.0]]
[2020.10.27-00.39.18:056][  0]LogConfig: Setting CVar [[s.LevelStreamingComponentsUnregistrationGranularity:5]]
[2020.10.27-00.39.18:056][  0]LogConfig: Applying CVar settings from Section [/Script/Engine.GarbageCollectionSettings] File [D:/Users/Desktop/Varest/varest/Saved/Config/Windows/Engine.ini]
[2020.10.27-00.39.18:056][  0]LogConfig: Setting CVar [[gc.MaxObjectsNotConsideredByGC:1]]
[2020.10.27-00.39.18:056][  0]LogConfig: Setting CVar [[gc.SizeOfPermanentObjectPool:0]]
[2020.10.27-00.39.18:056][  0]LogConfig: Setting CVar [[gc.FlushStreamingOnGC:0]]
[2020.10.27-00.39.18:056][  0]LogConfig: Setting CVar [[gc.NumRetriesBeforeForcingGC:10]]
[2020.10.27-00.39.18:056][  0]LogConfig: Setting CVar [[gc.AllowParallelGC:1]]
[2020.10.27-00.39.18:056][  0]LogConfig: Setting CVar [[gc.TimeBetweenPurgingPendingKillObjects:61.1]]
[2020.10.27-00.39.18:056][  0]LogConfig: Setting CVar [[gc.MaxObjectsInEditor:16777216]]
[2020.10.27-00.39.18:056][  0]LogConfig: Setting CVar [[gc.IncrementalBeginDestroyEnabled:1]]
[2020.10.27-00.39.18:056][  0]LogConfig: Setting CVar [[gc.CreateGCClusters:1]]
[2020.10.27-00.39.18:056][  0]LogConfig: Setting CVar [[gc.MinGCClusterSize:5]]
[2020.10.27-00.39.18:056][  0]LogConfig: Setting CVar [[gc.ActorClusteringEnabled:0]]
[2020.10.27-00.39.18:056][  0]LogConfig: Setting CVar [[gc.BlueprintClusteringEnabled:0]]
[2020.10.27-00.39.18:056][  0]LogConfig: Setting CVar [[gc.UseDisregardForGCOnDedicatedServers:0]]
[2020.10.27-00.39.18:056][  0]LogConfig: Applying CVar settings from Section [/Script/Engine.NetworkSettings] File [D:/Users/Desktop/Varest/varest/Saved/Config/Windows/Engine.ini]
[2020.10.27-00.39.18:056][  0]LogConfig: Applying CVar settings from Section [/Script/UnrealEd.CookerSettings] File [D:/Users/Desktop/Varest/varest/Saved/Config/Windows/Engine.ini]
[2020.10.27-00.39.18:058][  0]LogConfig: Applying CVar settings from Section [ViewDistanceQuality@3] File [D:/Users/Desktop/Varest/varest/Saved/Config/Windows/Scalability.ini]
[2020.10.27-00.39.18:058][  0]LogConfig: Setting CVar [[r.SkeletalMeshLODBias:0]]
[2020.10.27-00.39.18:058][  0]LogConfig: Setting CVar [[r.ViewDistanceScale:1.0]]
[2020.10.27-00.39.18:058][  0]LogConfig: Applying CVar settings from Section [AntiAliasingQuality@3] File [D:/Users/Desktop/Varest/varest/Saved/Config/Windows/Scalability.ini]
[2020.10.27-00.39.18:058][  0]LogConfig: Setting CVar [[r.PostProcessAAQuality:4]]
[2020.10.27-00.39.18:058][  0]LogConfig: Applying CVar settings from Section [ShadowQuality@3] File [D:/Users/Desktop/Varest/varest/Saved/Config/Windows/Scalability.ini]
[2020.10.27-00.39.18:058][  0]LogConfig: Setting CVar [[r.LightFunctionQuality:1]]
[2020.10.27-00.39.18:058][  0]LogConfig: Setting CVar [[r.ShadowQuality:5]]
[2020.10.27-00.39.18:058][  0]LogConfig: Setting CVar [[r.Shadow.CSM.MaxCascades:10]]
[2020.10.27-00.39.18:058][  0]LogConfig: Setting CVar [[r.Shadow.MaxResolution:2048]]
[2020.10.27-00.39.18:058][  0]LogConfig: Setting CVar [[r.Shadow.MaxCSMResolution:2048]]
[2020.10.27-00.39.18:058][  0]LogConfig: Setting CVar [[r.Shadow.RadiusThreshold:0.01]]
[2020.10.27-00.39.18:058][  0]LogConfig: Setting CVar [[r.Shadow.DistanceScale:1.0]]
[2020.10.27-00.39.18:058][  0]LogConfig: Setting CVar [[r.Shadow.CSM.TransitionScale:1.0]]
[2020.10.27-00.39.18:058][  0]LogConfig: Setting CVar [[r.Shadow.PreShadowResolutionFactor:1.0]]
[2020.10.27-00.39.18:058][  0]LogConfig: Setting CVar [[r.DistanceFieldShadowing:1]]
[2020.10.27-00.39.18:058][  0]LogConfig: Setting CVar [[r.DistanceFieldAO:1]]
[2020.10.27-00.39.18:058][  0]LogConfig: Setting CVar [[r.AOQuality:2]]
[2020.10.27-00.39.18:058][  0]LogConfig: Setting CVar [[r.VolumetricFog:1]]
[2020.10.27-00.39.18:058][  0]LogConfig: Setting CVar [[r.VolumetricFog.GridPixelSize:8]]
[2020.10.27-00.39.18:058][  0]LogConfig: Setting CVar [[r.VolumetricFog.GridSizeZ:128]]
[2020.10.27-00.39.18:058][  0]LogConfig: Setting CVar [[r.VolumetricFog.HistoryMissSupersampleCount:4]]
[2020.10.27-00.39.18:058][  0]LogConfig: Setting CVar [[r.LightMaxDrawDistanceScale:1]]
[2020.10.27-00.39.18:058][  0]LogConfig: Setting CVar [[r.CapsuleShadows:1]]
[2020.10.27-00.39.18:058][  0]LogConfig: Applying CVar settings from Section [PostProcessQuality@3] File [D:/Users/Desktop/Varest/varest/Saved/Config/Windows/Scalability.ini]
[2020.10.27-00.39.18:058][  0]LogConfig: Setting CVar [[r.MotionBlurQuality:4]]
[2020.10.27-00.39.18:058][  0]LogConfig: Setting CVar [[r.AmbientOcclusionMipLevelFactor:0.4]]
[2020.10.27-00.39.18:058][  0]LogConfig: Setting CVar [[r.AmbientOcclusionMaxQuality:100]]
[2020.10.27-00.39.18:058][  0]LogConfig: Setting CVar [[r.AmbientOcclusionLevels:-1]]
[2020.10.27-00.39.18:058][  0]LogConfig: Setting CVar [[r.AmbientOcclusionRadiusScale:1.0]]
[2020.10.27-00.39.18:058][  0]LogConfig: Setting CVar [[r.DepthOfFieldQuality:2]]
[2020.10.27-00.39.18:058][  0]LogConfig: Setting CVar [[r.RenderTargetPoolMin:400]]
[2020.10.27-00.39.18:058][  0]LogConfig: Setting CVar [[r.LensFlareQuality:2]]
[2020.10.27-00.39.18:058][  0]LogConfig: Setting CVar [[r.SceneColorFringeQuality:1]]
[2020.10.27-00.39.18:058][  0]LogConfig: Setting CVar [[r.EyeAdaptationQuality:2]]
[2020.10.27-00.39.18:058][  0]LogConfig: Setting CVar [[r.BloomQuality:5]]
[2020.10.27-00.39.18:058][  0]LogConfig: Setting CVar [[r.FastBlurThreshold:100]]
[2020.10.27-00.39.18:058][  0]LogConfig: Setting CVar [[r.Upscale.Quality:3]]
[2020.10.27-00.39.18:058][  0]LogConfig: Setting CVar [[r.Tonemapper.GrainQuantization:1]]
[2020.10.27-00.39.18:058][  0]LogConfig: Setting CVar [[r.LightShaftQuality:1]]
[2020.10.27-00.39.18:058][  0]LogConfig: Setting CVar [[r.Filter.SizeScale:1]]
[2020.10.27-00.39.18:058][  0]LogConfig: Setting CVar [[r.Tonemapper.Quality:5]]
[2020.10.27-00.39.18:058][  0]LogConfig: Setting CVar [[r.DOF.Gather.AccumulatorQuality:1        ; higher gathering accumulator quality]]
[2020.10.27-00.39.18:058][  0]LogConfig: Setting CVar [[r.DOF.Gather.PostfilterMethod:1          ; Median3x3 postfilering method]]
[2020.10.27-00.39.18:058][  0]LogConfig: Setting CVar [[r.DOF.Gather.EnableBokehSettings:0       ; no bokeh simulation when gathering]]
[2020.10.27-00.39.18:058][  0]LogConfig: Setting CVar [[r.DOF.Gather.RingCount:4                 ; medium number of samples when gathering]]
[2020.10.27-00.39.18:058][  0]LogConfig: Setting CVar [[r.DOF.Scatter.ForegroundCompositing:1    ; additive foreground scattering]]
[2020.10.27-00.39.18:058][  0]LogConfig: Setting CVar [[r.DOF.Scatter.BackgroundCompositing:2    ; additive background scattering]]
[2020.10.27-00.39.18:058][  0]LogConfig: Setting CVar [[r.DOF.Scatter.EnableBokehSettings:1      ; bokeh simulation when scattering]]
[2020.10.27-00.39.18:058][  0]LogConfig: Setting CVar [[r.DOF.Scatter.MaxSpriteRatio:0.1         ; only a maximum of 10% of scattered bokeh]]
[2020.10.27-00.39.18:058][  0]LogConfig: Setting CVar [[r.DOF.Recombine.Quality:1                ; cheap slight out of focus]]
[2020.10.27-00.39.18:058][  0]LogConfig: Setting CVar [[r.DOF.Recombine.EnableBokehSettings:0    ; no bokeh simulation on slight out of focus]]
[2020.10.27-00.39.18:058][  0]LogConfig: Setting CVar [[r.DOF.TemporalAAQuality:1                ; more stable temporal accumulation]]
[2020.10.27-00.39.18:058][  0]LogConfig: Setting CVar [[r.DOF.Kernel.MaxForegroundRadius:0.025]]
[2020.10.27-00.39.18:058][  0]LogConfig: Setting CVar [[r.DOF.Kernel.MaxBackgroundRadius:0.025]]
[2020.10.27-00.39.18:058][  0]LogConfig: Applying CVar settings from Section [TextureQuality@3] File [D:/Users/Desktop/Varest/varest/Saved/Config/Windows/Scalability.ini]
[2020.10.27-00.39.18:058][  0]LogConfig: Setting CVar [[r.Streaming.MipBias:0]]
[2020.10.27-00.39.18:058][  0]LogConfig: Setting CVar [[r.Streaming.AmortizeCPUToGPUCopy:0]]
[2020.10.27-00.39.18:058][  0]LogConfig: Setting CVar [[r.Streaming.MaxNumTexturesToStreamPerFrame:0]]
[2020.10.27-00.39.18:059][  0]LogConfig: Setting CVar [[r.Streaming.Boost:1]]
[2020.10.27-00.39.18:059][  0]LogConfig: Setting CVar [[r.MaxAnisotropy:8]]
[2020.10.27-00.39.18:059][  0]LogConfig: Setting CVar [[r.Streaming.LimitPoolSizeToVRAM:0]]
[2020.10.27-00.39.18:059][  0]LogConfig: Setting CVar [[r.Streaming.PoolSize:1000]]
[2020.10.27-00.39.18:059][  0]LogConfig: Setting CVar [[r.Streaming.MaxEffectiveScreenSize:0]]
[2020.10.27-00.39.18:059][  0]LogConfig: Applying CVar settings from Section [EffectsQuality@3] File [D:/Users/Desktop/Varest/varest/Saved/Config/Windows/Scalability.ini]
[2020.10.27-00.39.18:059][  0]LogConfig: Setting CVar [[r.TranslucencyLightingVolumeDim:64]]
[2020.10.27-00.39.18:059][  0]LogConfig: Setting CVar [[r.RefractionQuality:2]]
[2020.10.27-00.39.18:059][  0]LogConfig: Setting CVar [[r.SSR.Quality:3]]
[2020.10.27-00.39.18:059][  0]LogConfig: Setting CVar [[r.SceneColorFormat:4]]
[2020.10.27-00.39.18:059][  0]LogConfig: Setting CVar [[r.DetailMode:2]]
[2020.10.27-00.39.18:059][  0]LogConfig: Setting CVar [[r.TranslucencyVolumeBlur:1]]
[2020.10.27-00.39.18:059][  0]LogConfig: Setting CVar [[r.MaterialQualityLevel:1 ; High quality]]
[2020.10.27-00.39.18:059][  0]LogConfig: Setting CVar [[r.SSS.Scale:1]]
[2020.10.27-00.39.18:059][  0]LogConfig: Setting CVar [[r.SSS.SampleSet:2]]
[2020.10.27-00.39.18:059][  0]LogConfig: Setting CVar [[r.SSS.Quality:1]]
[2020.10.27-00.39.18:059][  0]LogConfig: Setting CVar [[r.SSS.HalfRes:1]]
[2020.10.27-00.39.18:059][  0]LogConfig: Setting CVar [[r.EmitterSpawnRateScale:1.0]]
[2020.10.27-00.39.18:059][  0]LogConfig: Setting CVar [[r.ParticleLightQuality:2]]
[2020.10.27-00.39.18:059][  0]LogConfig: Applying CVar settings from Section [FoliageQuality@3] File [D:/Users/Desktop/Varest/varest/Saved/Config/Windows/Scalability.ini]
[2020.10.27-00.39.18:059][  0]LogConfig: Setting CVar [[foliage.DensityScale:1.0]]
[2020.10.27-00.39.18:059][  0]LogConfig: Setting CVar [[grass.DensityScale:1.0]]
[2020.10.27-00.39.18:059][  0]LogInit: Selected Device Profile: [Windows]
[2020.10.27-00.39.18:059][  0]LogInit: Applying CVar settings loaded from the selected device profile: [Windows]
[2020.10.27-00.39.18:061][  0]LogHAL: Display: Platform has ~ 8 GB [8477544448 / 8589934592 / 8], which maps to Default [LargestMinGB=32, LargerMinGB=12, DefaultMinGB=8, SmallerMinGB=6, SmallestMinGB=0)
[2020.10.27-00.39.18:061][  0]LogInit: Going up to parent DeviceProfile []
[2020.10.27-00.39.18:061][  0]LogConfig: Applying CVar settings from Section [ViewDistanceQuality@3] File [D:/Users/Desktop/Varest/varest/Saved/Config/Windows/Scalability.ini]
[2020.10.27-00.39.18:061][  0]LogConfig: Setting CVar [[r.SkeletalMeshLODBias:0]]
[2020.10.27-00.39.18:061][  0]LogConfig: Setting CVar [[r.ViewDistanceScale:1.0]]
[2020.10.27-00.39.18:061][  0]LogConfig: Applying CVar settings from Section [AntiAliasingQuality@3] File [D:/Users/Desktop/Varest/varest/Saved/Config/Windows/Scalability.ini]
[2020.10.27-00.39.18:061][  0]LogConfig: Setting CVar [[r.PostProcessAAQuality:4]]
[2020.10.27-00.39.18:061][  0]LogConfig: Applying CVar settings from Section [ShadowQuality@3] File [D:/Users/Desktop/Varest/varest/Saved/Config/Windows/Scalability.ini]
[2020.10.27-00.39.18:061][  0]LogConfig: Setting CVar [[r.LightFunctionQuality:1]]
[2020.10.27-00.39.18:061][  0]LogConfig: Setting CVar [[r.ShadowQuality:5]]
[2020.10.27-00.39.18:061][  0]LogConfig: Setting CVar [[r.Shadow.CSM.MaxCascades:10]]
[2020.10.27-00.39.18:061][  0]LogConfig: Setting CVar [[r.Shadow.MaxResolution:2048]]
[2020.10.27-00.39.18:061][  0]LogConfig: Setting CVar [[r.Shadow.MaxCSMResolution:2048]]
[2020.10.27-00.39.18:061][  0]LogConfig: Setting CVar [[r.Shadow.RadiusThreshold:0.01]]
[2020.10.27-00.39.18:061][  0]LogConfig: Setting CVar [[r.Shadow.DistanceScale:1.0]]
[2020.10.27-00.39.18:061][  0]LogConfig: Setting CVar [[r.Shadow.CSM.TransitionScale:1.0]]
[2020.10.27-00.39.18:061][  0]LogConfig: Setting CVar [[r.Shadow.PreShadowResolutionFactor:1.0]]
[2020.10.27-00.39.18:061][  0]LogConfig: Setting CVar [[r.DistanceFieldShadowing:1]]
[2020.10.27-00.39.18:061][  0]LogConfig: Setting CVar [[r.DistanceFieldAO:1]]
[2020.10.27-00.39.18:061][  0]LogConfig: Setting CVar [[r.AOQuality:2]]
[2020.10.27-00.39.18:061][  0]LogConfig: Setting CVar [[r.VolumetricFog:1]]
[2020.10.27-00.39.18:061][  0]LogConfig: Setting CVar [[r.VolumetricFog.GridPixelSize:8]]
[2020.10.27-00.39.18:061][  0]LogConfig: Setting CVar [[r.VolumetricFog.GridSizeZ:128]]
[2020.10.27-00.39.18:061][  0]LogConfig: Setting CVar [[r.VolumetricFog.HistoryMissSupersampleCount:4]]
[2020.10.27-00.39.18:061][  0]LogConfig: Setting CVar [[r.LightMaxDrawDistanceScale:1]]
[2020.10.27-00.39.18:061][  0]LogConfig: Setting CVar [[r.CapsuleShadows:1]]
[2020.10.27-00.39.18:061][  0]LogConfig: Applying CVar settings from Section [PostProcessQuality@3] File [D:/Users/Desktop/Varest/varest/Saved/Config/Windows/Scalability.ini]
[2020.10.27-00.39.18:061][  0]LogConfig: Setting CVar [[r.MotionBlurQuality:4]]
[2020.10.27-00.39.18:061][  0]LogConfig: Setting CVar [[r.AmbientOcclusionMipLevelFactor:0.4]]
[2020.10.27-00.39.18:061][  0]LogConfig: Setting CVar [[r.AmbientOcclusionMaxQuality:100]]
[2020.10.27-00.39.18:061][  0]LogConfig: Setting CVar [[r.AmbientOcclusionLevels:-1]]
[2020.10.27-00.39.18:061][  0]LogConfig: Setting CVar [[r.AmbientOcclusionRadiusScale:1.0]]
[2020.10.27-00.39.18:061][  0]LogConfig: Setting CVar [[r.DepthOfFieldQuality:2]]
[2020.10.27-00.39.18:061][  0]LogConfig: Setting CVar [[r.RenderTargetPoolMin:400]]
[2020.10.27-00.39.18:061][  0]LogConfig: Setting CVar [[r.LensFlareQuality:2]]
[2020.10.27-00.39.18:061][  0]LogConfig: Setting CVar [[r.SceneColorFringeQuality:1]]
[2020.10.27-00.39.18:061][  0]LogConfig: Setting CVar [[r.EyeAdaptationQuality:2]]
[2020.10.27-00.39.18:061][  0]LogConfig: Setting CVar [[r.BloomQuality:5]]
[2020.10.27-00.39.18:061][  0]LogConfig: Setting CVar [[r.FastBlurThreshold:100]]
[2020.10.27-00.39.18:061][  0]LogConfig: Setting CVar [[r.Upscale.Quality:3]]
[2020.10.27-00.39.18:061][  0]LogConfig: Setting CVar [[r.Tonemapper.GrainQuantization:1]]
[2020.10.27-00.39.18:061][  0]LogConfig: Setting CVar [[r.LightShaftQuality:1]]
[2020.10.27-00.39.18:061][  0]LogConfig: Setting CVar [[r.Filter.SizeScale:1]]
[2020.10.27-00.39.18:061][  0]LogConfig: Setting CVar [[r.Tonemapper.Quality:5]]
[2020.10.27-00.39.18:061][  0]LogConfig: Setting CVar [[r.DOF.Gather.AccumulatorQuality:1        ; higher gathering accumulator quality]]
[2020.10.27-00.39.18:061][  0]LogConfig: Setting CVar [[r.DOF.Gather.PostfilterMethod:1          ; Median3x3 postfilering method]]
[2020.10.27-00.39.18:061][  0]LogConfig: Setting CVar [[r.DOF.Gather.EnableBokehSettings:0       ; no bokeh simulation when gathering]]
[2020.10.27-00.39.18:061][  0]LogConfig: Setting CVar [[r.DOF.Gather.RingCount:4                 ; medium number of samples when gathering]]
[2020.10.27-00.39.18:061][  0]LogConfig: Setting CVar [[r.DOF.Scatter.ForegroundCompositing:1    ; additive foreground scattering]]
[2020.10.27-00.39.18:061][  0]LogConfig: Setting CVar [[r.DOF.Scatter.BackgroundCompositing:2    ; additive background scattering]]
[2020.10.27-00.39.18:061][  0]LogConfig: Setting CVar [[r.DOF.Scatter.EnableBokehSettings:1      ; bokeh simulation when scattering]]
[2020.10.27-00.39.18:061][  0]LogConfig: Setting CVar [[r.DOF.Scatter.MaxSpriteRatio:0.1         ; only a maximum of 10% of scattered bokeh]]
[2020.10.27-00.39.18:061][  0]LogConfig: Setting CVar [[r.DOF.Recombine.Quality:1                ; cheap slight out of focus]]
[2020.10.27-00.39.18:061][  0]LogConfig: Setting CVar [[r.DOF.Recombine.EnableBokehSettings:0    ; no bokeh simulation on slight out of focus]]
[2020.10.27-00.39.18:061][  0]LogConfig: Setting CVar [[r.DOF.TemporalAAQuality:1                ; more stable temporal accumulation]]
[2020.10.27-00.39.18:061][  0]LogConfig: Setting CVar [[r.DOF.Kernel.MaxForegroundRadius:0.025]]
[2020.10.27-00.39.18:061][  0]LogConfig: Setting CVar [[r.DOF.Kernel.MaxBackgroundRadius:0.025]]
[2020.10.27-00.39.18:061][  0]LogConfig: Applying CVar settings from Section [TextureQuality@3] File [D:/Users/Desktop/Varest/varest/Saved/Config/Windows/Scalability.ini]
[2020.10.27-00.39.18:061][  0]LogConfig: Setting CVar [[r.Streaming.MipBias:0]]
[2020.10.27-00.39.18:061][  0]LogConfig: Setting CVar [[r.Streaming.AmortizeCPUToGPUCopy:0]]
[2020.10.27-00.39.18:061][  0]LogConfig: Setting CVar [[r.Streaming.MaxNumTexturesToStreamPerFrame:0]]
[2020.10.27-00.39.18:061][  0]LogConfig: Setting CVar [[r.Streaming.Boost:1]]
[2020.10.27-00.39.18:061][  0]LogConfig: Setting CVar [[r.MaxAnisotropy:8]]
[2020.10.27-00.39.18:061][  0]LogConfig: Setting CVar [[r.Streaming.LimitPoolSizeToVRAM:0]]
[2020.10.27-00.39.18:061][  0]LogConfig: Setting CVar [[r.Streaming.PoolSize:1000]]
[2020.10.27-00.39.18:061][  0]LogConfig: Setting CVar [[r.Streaming.MaxEffectiveScreenSize:0]]
[2020.10.27-00.39.18:061][  0]LogConfig: Applying CVar settings from Section [EffectsQuality@3] File [D:/Users/Desktop/Varest/varest/Saved/Config/Windows/Scalability.ini]
[2020.10.27-00.39.18:061][  0]LogConfig: Setting CVar [[r.TranslucencyLightingVolumeDim:64]]
[2020.10.27-00.39.18:061][  0]LogConfig: Setting CVar [[r.RefractionQuality:2]]
[2020.10.27-00.39.18:061][  0]LogConfig: Setting CVar [[r.SSR.Quality:3]]
[2020.10.27-00.39.18:061][  0]LogConfig: Setting CVar [[r.SceneColorFormat:4]]
[2020.10.27-00.39.18:061][  0]LogConfig: Setting CVar [[r.DetailMode:2]]
[2020.10.27-00.39.18:062][  0]LogConfig: Setting CVar [[r.TranslucencyVolumeBlur:1]]
[2020.10.27-00.39.18:062][  0]LogConfig: Setting CVar [[r.MaterialQualityLevel:1 ; High quality]]
[2020.10.27-00.39.18:062][  0]LogConfig: Setting CVar [[r.SSS.Scale:1]]
[2020.10.27-00.39.18:062][  0]LogConfig: Setting CVar [[r.SSS.SampleSet:2]]
[2020.10.27-00.39.18:062][  0]LogConfig: Setting CVar [[r.SSS.Quality:1]]
[2020.10.27-00.39.18:062][  0]LogConfig: Setting CVar [[r.SSS.HalfRes:1]]
[2020.10.27-00.39.18:062][  0]LogConfig: Setting CVar [[r.EmitterSpawnRateScale:1.0]]
[2020.10.27-00.39.18:062][  0]LogConfig: Setting CVar [[r.ParticleLightQuality:2]]
[2020.10.27-00.39.18:062][  0]LogConfig: Applying CVar settings from Section [FoliageQuality@3] File [D:/Users/Desktop/Varest/varest/Saved/Config/Windows/Scalability.ini]
[2020.10.27-00.39.18:062][  0]LogConfig: Setting CVar [[foliage.DensityScale:1.0]]
[2020.10.27-00.39.18:062][  0]LogConfig: Setting CVar [[grass.DensityScale:1.0]]
[2020.10.27-00.39.18:062][  0]LogConfig: Applying CVar settings from Section [Startup] File [../../../Engine/Config/ConsoleVariables.ini]
[2020.10.27-00.39.18:062][  0]LogConfig: Setting CVar [[net.UseAdaptiveNetUpdateFrequency:0]]
[2020.10.27-00.39.18:062][  0]LogConfig: Setting CVar [[p.chaos.AllowCreatePhysxBodies:1]]
[2020.10.27-00.39.18:062][  0]LogConfig: Applying CVar settings from Section [ConsoleVariables] File [D:/Users/Desktop/Varest/varest/Saved/Config/Windows/Engine.ini]
[2020.10.27-00.39.18:062][  0]LogInit: Computer: JTX-20200831LTG
[2020.10.27-00.39.18:062][  0]LogInit: User: Administrator
[2020.10.27-00.39.18:062][  0]LogInit: CPU Page size=4096, Cores=6
[2020.10.27-00.39.18:062][  0]LogInit: High frequency timer resolution =10.000000 MHz
[2020.10.27-00.39.18:062][  0]LogMemory: Memory total: Physical=7.9GB (8GB approx)
[2020.10.27-00.39.18:062][  0]LogMemory: Platform Memory Stats for Windows
[2020.10.27-00.39.18:062][  0]LogMemory: Process Physical Memory: 100.32 MB used, 100.32 MB peak
[2020.10.27-00.39.18:062][  0]LogMemory: Process Virtual Memory: 88.09 MB used, 88.09 MB peak
[2020.10.27-00.39.18:062][  0]LogMemory: Physical Memory: 4449.26 MB used,  3635.55 MB free, 8084.82 MB total
[2020.10.27-00.39.18:062][  0]LogMemory: Virtual Memory: 4652.41 MB used,  134213072.00 MB free, 134217728.00 MB total
[2020.10.27-00.39.18:065][  0]LogWindows: WindowsPlatformFeatures enabled
[2020.10.27-00.39.18:081][  0]LogInit: Using OS detected language (zh-CN).
[2020.10.27-00.39.18:081][  0]LogInit: Using OS detected locale (zh-CN).
[2020.10.27-00.39.18:081][  0]LogTextLocalizationManager: No specific localization for 'zh-CN' exists, so the 'zh-Hans' localization will be used.
[2020.10.27-00.39.18:120][  0]LogTextLocalizationResource: LocRes '../../../Engine/Content/Localization/Editor/zh/Editor.locres' could not be opened for reading!
[2020.10.27-00.39.18:120][  0]LogTextLocalizationResource: LocRes '../../../Engine/Content/Localization/EditorTutorials/zh/EditorTutorials.locres' could not be opened for reading!
[2020.10.27-00.39.18:121][  0]LogTextLocalizationResource: LocRes '../../../Engine/Content/Localization/Keywords/zh/Keywords.locres' could not be opened for reading!
[2020.10.27-00.39.18:121][  0]LogTextLocalizationResource: LocRes '../../../Engine/Content/Localization/Category/zh/Category.locres' could not be opened for reading!
[2020.10.27-00.39.18:121][  0]LogTextLocalizationResource: LocRes '../../../Engine/Content/Localization/ToolTips/zh/ToolTips.locres' could not be opened for reading!
[2020.10.27-00.39.18:121][  0]LogTextLocalizationResource: LocRes '../../../Engine/Content/Localization/PropertyNames/zh/PropertyNames.locres' could not be opened for reading!
[2020.10.27-00.39.18:121][  0]LogTextLocalizationResource: LocRes '../../../Engine/Content/Localization/Engine/zh/Engine.locres' could not be opened for reading!
[2020.10.27-00.39.18:121][  0]LogTextLocalizationResource: LocRes '../../../Engine/Plugins/Online/Android/OnlineSubsystemGooglePlay/Content/Localization/OnlineSubsystemGooglePlay/zh/OnlineSubsystemGooglePlay.locres' could not be opened for reading!
[2020.10.27-00.39.18:121][  0]LogTextLocalizationResource: LocRes '../../../Engine/Plugins/Online/IOS/OnlineSubsystemIOS/Content/Localization/OnlineSubsystemIOS/zh/OnlineSubsystemIOS.locres' could not be opened for reading!
[2020.10.27-00.39.18:121][  0]LogTextLocalizationResource: LocRes '../../../Engine/Plugins/Online/OnlineSubsystem/Content/Localization/OnlineSubsystem/zh/OnlineSubsystem.locres' could not be opened for reading!
[2020.10.27-00.39.18:121][  0]LogTextLocalizationResource: LocRes '../../../Engine/Plugins/Online/OnlineSubsystemUtils/Content/Localization/OnlineSubsystemUtils/zh/OnlineSubsystemUtils.locres' could not be opened for reading!
[2020.10.27-00.39.18:144][  0]LogInit: Setting process to per monitor DPI aware
[2020.10.27-00.39.18:209][  0]LogSlate: New Slate User Created.  User Index 0, Is Virtual User: 0
[2020.10.27-00.39.18:209][  0]LogSlate: Slate User Registered.  User Index 0, Is Virtual User: 0
[2020.10.27-00.39.18:320][  0]LogHMD: Failed to initialize OpenVR with code 110
[2020.10.27-00.39.18:320][  0]LogD3D11RHI: D3D11 adapters:
[2020.10.27-00.39.18:374][  0]LogD3D11RHI:    0. 'Intel(R) UHD Graphics 630' (Feature Level 11_0)
[2020.10.27-00.39.18:374][  0]LogD3D11RHI:       128/0/4042 MB DedicatedVideo/DedicatedSystem/SharedSystem, Outputs:1, VendorId:0x8086
[2020.10.27-00.39.18:377][  0]LogD3D11RHI:    1. 'Microsoft Basic Render Driver' (Feature Level 11_0)
[2020.10.27-00.39.18:377][  0]LogD3D11RHI:       0/0/4042 MB DedicatedVideo/DedicatedSystem/SharedSystem, Outputs:0, VendorId:0x1414
[2020.10.27-00.39.18:377][  0]LogD3D11RHI: Chosen D3D11 Adapter: 0
[2020.10.27-00.39.18:382][  0]LogD3D11RHI: Creating new Direct3DDevice
[2020.10.27-00.39.18:382][  0]LogD3D11RHI:     GPU DeviceId: 0x3e92 (for the marketing name, search the web for "GPU Device Id")
[2020.10.27-00.39.18:382][  0]LogWindows: EnumDisplayDevices:
[2020.10.27-00.39.18:382][  0]LogWindows:    0. 'Intel(R) UHD Graphics 630' (P:1 D:1)
[2020.10.27-00.39.18:383][  0]LogWindows:    1. 'Intel(R) UHD Graphics 630' (P:0 D:0)
[2020.10.27-00.39.18:384][  0]LogWindows:    2. 'Intel(R) UHD Graphics 630' (P:0 D:0)
[2020.10.27-00.39.18:385][  0]LogWindows: DebugString: FoundDriverCount:3 
[2020.10.27-00.39.18:385][  0]LogD3D11RHI:     Adapter Name: Intel(R) UHD Graphics 630
[2020.10.27-00.39.18:385][  0]LogD3D11RHI:   Driver Version: 27.20.100.7989 (internal:27.20.100.7989, unified:27.20.100.7989)
[2020.10.27-00.39.18:385][  0]LogD3D11RHI:      Driver Date: 6-5-2020
[2020.10.27-00.39.18:385][  0]LogRHI: Texture pool is 1504 MB (70% of 2149 MB)
[2020.10.27-00.39.18:441][  0]LogD3D11RHI: [IntelMetricsDiscovery] Started
[2020.10.27-00.39.18:441][  0]LogD3D11RHI: Async texture creation enabled
[2020.10.27-00.39.18:446][  0]LogD3D11RHI: GPU Timing Frequency: 12.000048 (Debug: 2 0)
[2020.10.27-00.39.18:769][  0]LogTemp: Display: Module 'AllDesktopTargetPlatform' loaded TargetPlatform 'AllDesktop'
[2020.10.27-00.39.18:775][  0]LogTemp: Display: Module 'MacClientTargetPlatform' loaded TargetPlatform 'MacClient'
[2020.10.27-00.39.18:782][  0]LogTemp: Display: Module 'MacNoEditorTargetPlatform' loaded TargetPlatform 'MacNoEditor'
[2020.10.27-00.39.18:788][  0]LogTemp: Display: Module 'MacServerTargetPlatform' loaded TargetPlatform 'MacServer'
[2020.10.27-00.39.18:795][  0]LogTemp: Display: Module 'MacTargetPlatform' loaded TargetPlatform 'Mac'
[2020.10.27-00.39.18:801][  0]LogTemp: Display: Module 'WindowsClientTargetPlatform' loaded TargetPlatform 'WindowsClient'
[2020.10.27-00.39.18:808][  0]LogTemp: Display: Module 'WindowsNoEditorTargetPlatform' loaded TargetPlatform 'WindowsNoEditor'
[2020.10.27-00.39.18:815][  0]LogTemp: Display: Module 'WindowsServerTargetPlatform' loaded TargetPlatform 'WindowsServer'
[2020.10.27-00.39.18:819][  0]LogTemp: Display: Module 'WindowsTargetPlatform' loaded TargetPlatform 'Windows'
[2020.10.27-00.39.18:843][  0]LogTemp: Display: Module 'AndroidTargetPlatform' loaded TargetPlatform 'Android'
[2020.10.27-00.39.18:843][  0]LogTemp: Display: Module 'AndroidTargetPlatform' loaded TargetPlatform 'Android_ASTC'
[2020.10.27-00.39.18:843][  0]LogTemp: Display: Module 'AndroidTargetPlatform' loaded TargetPlatform 'Android_ATC'
[2020.10.27-00.39.18:843][  0]LogTemp: Display: Module 'AndroidTargetPlatform' loaded TargetPlatform 'Android_DXT'
[2020.10.27-00.39.18:843][  0]LogTemp: Display: Module 'AndroidTargetPlatform' loaded TargetPlatform 'Android_ETC1'
[2020.10.27-00.39.18:843][  0]LogTemp: Display: Module 'AndroidTargetPlatform' loaded TargetPlatform 'Android_ETC1a'
[2020.10.27-00.39.18:843][  0]LogTemp: Display: Module 'AndroidTargetPlatform' loaded TargetPlatform 'Android_ETC2'
[2020.10.27-00.39.18:843][  0]LogTemp: Display: Module 'AndroidTargetPlatform' loaded TargetPlatform 'Android_PVRTC'
[2020.10.27-00.39.18:843][  0]LogTemp: Display: Module 'AndroidTargetPlatform' loaded TargetPlatform 'AndroidClient'
[2020.10.27-00.39.18:843][  0]LogTemp: Display: Module 'AndroidTargetPlatform' loaded TargetPlatform 'Android_ASTCClient'
[2020.10.27-00.39.18:843][  0]LogTemp: Display: Module 'AndroidTargetPlatform' loaded TargetPlatform 'Android_ATCClient'
[2020.10.27-00.39.18:843][  0]LogTemp: Display: Module 'AndroidTargetPlatform' loaded TargetPlatform 'Android_DXTClient'
[2020.10.27-00.39.18:843][  0]LogTemp: Display: Module 'AndroidTargetPlatform' loaded TargetPlatform 'Android_ETC1Client'
[2020.10.27-00.39.18:843][  0]LogTemp: Display: Module 'AndroidTargetPlatform' loaded TargetPlatform 'Android_ETC1aClient'
[2020.10.27-00.39.18:843][  0]LogTemp: Display: Module 'AndroidTargetPlatform' loaded TargetPlatform 'Android_ETC2Client'
[2020.10.27-00.39.18:843][  0]LogTemp: Display: Module 'AndroidTargetPlatform' loaded TargetPlatform 'Android_PVRTCClient'
[2020.10.27-00.39.18:843][  0]LogTemp: Display: Module 'AndroidTargetPlatform' loaded TargetPlatform 'Android_Multi'
[2020.10.27-00.39.18:843][  0]LogTemp: Display: Module 'AndroidTargetPlatform' loaded TargetPlatform 'Android_MultiClient'
[2020.10.27-00.39.18:845][  0]LogTemp: Display: Module 'HTML5TargetPlatform' loaded TargetPlatform 'HTML5'
[2020.10.27-00.39.18:857][  0]LogTemp: Display: Module 'IOSTargetPlatform' loaded TargetPlatform 'IOSClient'
[2020.10.27-00.39.18:857][  0]LogTemp: Display: Module 'IOSTargetPlatform' loaded TargetPlatform 'IOS'
[2020.10.27-00.39.18:867][  0]LogTemp: Display: Module 'TVOSTargetPlatform' loaded TargetPlatform 'TVOSClient'
[2020.10.27-00.39.18:867][  0]LogTemp: Display: Module 'TVOSTargetPlatform' loaded TargetPlatform 'TVOS'
[2020.10.27-00.39.18:872][  0]LogTemp: Display: Module 'LinuxClientTargetPlatform' loaded TargetPlatform 'LinuxClient'
[2020.10.27-00.39.18:878][  0]LogTemp: Display: Module 'LinuxNoEditorTargetPlatform' loaded TargetPlatform 'LinuxNoEditor'
[2020.10.27-00.39.18:883][  0]LogTemp: Display: Module 'LinuxServerTargetPlatform' loaded TargetPlatform 'LinuxServer'
[2020.10.27-00.39.18:888][  0]LogTemp: Display: Module 'LinuxTargetPlatform' loaded TargetPlatform 'Linux'
[2020.10.27-00.39.18:906][  0]LogTemp: Display: Module 'LuminTargetPlatform' loaded TargetPlatform 'Lumin'
[2020.10.27-00.39.18:906][  0]LogTemp: Display: Module 'LuminTargetPlatform' loaded TargetPlatform 'LuminClient'
[2020.10.27-00.39.18:906][  0]LogTargetPlatformManager: Display: Building Assets For Windows
[2020.10.27-00.39.18:913][  0]LogAudioDebug: Display: Lib vorbis DLL was dynamically loaded.
[2020.10.27-00.39.18:952][  0]LogShaderCompilers: Guid format shader working directory is 39 characters bigger than the processId version (D:/Users/Desktop/Varest/varest/Intermediate/Shaders/WorkingDirectory/12272/).
[2020.10.27-00.39.18:952][  0]LogShaderCompilers: Cleaned the shader compiler working directory 'C:/Users/Administrator.JTX-20200831LTG/AppData/Local/Temp/UnrealShaderWorkingDir/8096A748473303398778699D7DF8A1B9/'.
[2020.10.27-00.39.18:954][  0]LogXGEController: Cannot use XGE Controller as Incredibuild is not installed on this machine.
[2020.10.27-00.39.18:955][  0]LogShaderCompilers: Cannot use XGE Shader Compiler as Incredibuild is not installed on this machine.
[2020.10.27-00.39.18:955][  0]LogShaderCompilers: Display: Using Local Shader Compiler.
[2020.10.27-00.39.19:453][  0]LogDerivedDataCache: Display: Max Cache Size: 512 MB
[2020.10.27-00.39.19:500][  0]LogDerivedDataCache: Loaded boot cache 0.05s 73MB C:/Users/Administrator.JTX-20200831LTG/AppData/Local/UnrealEngine/4.23/DerivedDataCache/Boot.ddc.
[2020.10.27-00.39.19:500][  0]LogDerivedDataCache: Display: Loaded Boot cache: C:/Users/Administrator.JTX-20200831LTG/AppData/Local/UnrealEngine/4.23/DerivedDataCache/Boot.ddc
[2020.10.27-00.39.19:500][  0]LogDerivedDataCache: FDerivedDataBackendGraph:  Pak pak cache file D:/Users/Desktop/Varest/varest/DerivedDataCache/DDC.ddp not found, will not use a pak cache.
[2020.10.27-00.39.19:500][  0]LogDerivedDataCache: Unable to find inner node Pak for hierarchical cache Hierarchy.
[2020.10.27-00.39.19:500][  0]LogDerivedDataCache: FDerivedDataBackendGraph:  CompressedPak pak cache file D:/Users/Desktop/Varest/varest/DerivedDataCache/Compressed.ddp not found, will not use a pak cache.
[2020.10.27-00.39.19:500][  0]LogDerivedDataCache: Unable to find inner node CompressedPak for hierarchical cache Hierarchy.
[2020.10.27-00.39.19:509][  0]LogDerivedDataCache: Display: Pak cache opened for reading ../../../Engine/DerivedDataCache/Compressed.ddp.
[2020.10.27-00.39.19:509][  0]LogDerivedDataCache: FDerivedDataBackendGraph:  EnterprisePak pak cache file ../../../Enterprise/DerivedDataCache/Compressed.ddp not found, will not use a pak cache.
[2020.10.27-00.39.19:509][  0]LogDerivedDataCache: Unable to find inner node EnterprisePak for hierarchical cache Hierarchy.
[2020.10.27-00.39.19:511][  0]LogDerivedDataCache: Using Local data cache path C:/Users/Administrator.JTX-20200831LTG/AppData/Local/UnrealEngine/Common/DerivedDataCache: Writable
[2020.10.27-00.39.19:511][  0]LogDerivedDataCache: Shared data cache path not found in *engine.ini, will not use an Shared cache.
[2020.10.27-00.39.19:511][  0]LogDerivedDataCache: Unable to find inner node Shared for hierarchical cache Hierarchy.
[2020.10.27-00.39.19:528][  0]LogMaterial: Verifying Global Shaders for PCD3D_SM5
[2020.10.27-00.39.19:530][  0]LogSlate: Using FreeType 2.6.0
[2020.10.27-00.39.19:530][  0]LogSlate: SlateFontServices - WITH_FREETYPE: 1, WITH_HARFBUZZ: 1
[2020.10.27-00.39.19:572][  0]LogAssetRegistry: FAssetRegistry took 0.0019 seconds to start up
[2020.10.27-00.39.19:769][  0]LogInit: Selected Device Profile: [Windows]
[2020.10.27-00.39.19:884][  0]LogMeshReduction: Using QuadricMeshReduction for automatic static mesh reduction
[2020.10.27-00.39.19:884][  0]LogMeshReduction: Using SimplygonMeshReduction for automatic skeletal mesh reduction
[2020.10.27-00.39.19:884][  0]LogMeshReduction: Using ProxyLODMeshReduction for automatic mesh merging
[2020.10.27-00.39.19:884][  0]LogMeshReduction: No distributed automatic mesh merging module available
[2020.10.27-00.39.19:884][  0]LogMeshMerging: No distributed automatic mesh merging module available
[2020.10.27-00.39.19:891][  0]LogNetVersion: varest 1.0.0, NetCL: 8386587, EngineNetVer: 11, GameNetVer: 0 (Checksum: 535167083)
[2020.10.27-00.39.20:235][  0]LogPackageLocalizationCache: Processed 12 localized package path(s) for 2 prioritized culture(s) in 0.063435 seconds
[2020.10.27-00.39.20:242][  0]LogUObjectArray: 43444 objects as part of root set at end of initial load.
[2020.10.27-00.39.20:242][  0]LogUObjectAllocator: 7548648 out of 0 bytes used by permanent object pool.
[2020.10.27-00.39.20:242][  0]LogUObjectArray: CloseDisregardForGC: 0/0 objects in disregard for GC pool
[2020.10.27-00.39.20:978][  0]LogTcpMessaging: Initializing TcpMessaging bridge
[2020.10.27-00.39.20:980][  0]LogUdpMessaging: Initializing bridge on interface 0.0.0.0:0 to multicast group 230.0.0.1:6666.
[2020.10.27-00.39.21:022][  0]SourceControl: 源码管理已禁用
[2020.10.27-00.39.21:022][  0]SourceControl: 源码管理已禁用
[2020.10.27-00.39.21:023][  0]SourceControl: 源码管理已禁用
[2020.10.27-00.39.21:023][  0]SourceControl: 源码管理已禁用
[2020.10.27-00.39.21:134][  0]LogAndroidPermission: UAndroidPermissionCallbackProxy::GetInstance
[2020.10.27-00.39.21:255][  0]LogOcInput: OculusInput pre-init called
[2020.10.27-00.39.21:260][  0]LogWindows: Failed to load 'OVRPlugin.dll' (GetLastError=126)
[2020.10.27-00.39.21:260][  0]LogWindows: File 'OVRPlugin.dll' does not exist
[2020.10.27-00.39.21:314][  0]LogEngine: Initializing Engine...
[2020.10.27-00.39.21:315][  0]LogHMD: Failed to initialize OpenVR with code 110
[2020.10.27-00.39.21:315][  0]LogStats: UGameplayTagsManager::InitializeManager -  0.000 s
[2020.10.27-00.39.21:501][  0]LogInit: Initializing FReadOnlyCVARCache
[2020.10.27-00.39.21:514][  0]LogAIModule: Creating AISystem for world Untitled
[2020.10.27-00.39.21:716][  0]LogInit: XAudio2 using '扬声器 (Realtek(R) Audio)' : 2 channels at 48 kHz using 32 bits per sample (channel mask 0x3)
[2020.10.27-00.39.21:763][  0]LogInit: FAudioDevice initialized.
[2020.10.27-00.39.21:764][  0]LogNetVersion: Set ProjectVersion to 1.0.0.0. Version Checksum will be recalculated on next use.
[2020.10.27-00.39.21:810][  0]LogDerivedDataCache: Saved boot cache 0.05s 73MB C:/Users/Administrator.JTX-20200831LTG/AppData/Local/UnrealEngine/4.23/DerivedDataCache/Boot.ddc.
[2020.10.27-00.39.21:811][  0]LogInit: Texture streaming: Enabled
[2020.10.27-00.39.21:826][  0]LogEngineSessionManager: EngineSessionManager initialized
[2020.10.27-00.39.21:826][  0]LogEditorSessionSummary: Verbose: Initializing EditorSessionSummaryWriter for editor session tracking
[2020.10.27-00.39.21:840][  0]LogEditorSessionSummary: EditorSessionSummaryWriter initialized
[2020.10.27-00.39.21:904][  0]LogInit: Transaction tracking system initialized
[2020.10.27-00.39.21:929][  0]BlueprintLog: New page: 编辑器加载
[2020.10.27-00.39.21:993][  0]LocalizationService: 本地化服务已禁用
[2020.10.27-00.39.22:271][  0]LogFileCache: Scanning file cache for directory 'D:/Users/Desktop/Varest/varest/Content/' took 0.01s
[2020.10.27-00.39.22:271][  0]LogCook: Display: Max memory allowance for cook 16384mb min free memory 0mb
[2020.10.27-00.39.22:271][  0]LogCook: Display: Mobile HDR setting 1
[2020.10.27-00.39.22:416][  0]SourceControl: 源码管理已禁用
[2020.10.27-00.39.22:416][  0]Cmd: MAP LOAD FILE="D:/Users/Desktop/Varest/varest/Content/ThirdPersonBP/Maps/ThirdPersonExampleMap.umap" TEMPLATE=0 SHOWPROGRESS=1 FEATURELEVEL=3
[2020.10.27-00.39.22:447][  0]LightingResults: New page: 光照构建
[2020.10.27-00.39.22:454][  0]LogWorld: UWorld::CleanupWorld for Untitled, bSessionEnded=true, bCleanupResources=true
[2020.10.27-00.39.22:455][  0]MapCheck: New page: 地图检测
[2020.10.27-00.39.22:455][  0]LightingResults: New page: 光照构建
[2020.10.27-00.39.22:499][  0]LogUObjectHash: Compacting FUObjectHashTables data took   1.31ms
[2020.10.27-00.39.25:443][  0]LogAIModule: Creating AISystem for world ThirdPersonExampleMap
[2020.10.27-00.39.25:809][  0]LogEditorServer: Finished looking for orphan Actors (0.000 secs)
[2020.10.27-00.39.25:849][  0]LogUObjectHash: Compacting FUObjectHashTables data took   1.83ms
[2020.10.27-00.39.25:849][  0]Cmd: MAP CHECKDEP NOCLEARLOG
[2020.10.27-00.39.25:849][  0]MapCheck: 地图检测完成：0个错误、0个警告、完成用时0.075毫秒。
[2020.10.27-00.39.25:849][  0]LogFileHelpers: Loading map 'ThirdPersonExampleMap' took 3.433
[2020.10.27-00.39.27:573][  0]LogSlate: Updating window title bar state: overlay mode, drag disabled, window buttons hidden, title bar hidden
[2020.10.27-00.39.27:622][  0]LogSlate: Updating window title bar state: overlay mode, drag disabled, window buttons hidden, title bar hidden
[2020.10.27-00.39.27:637][  0]LogSlate: Updating window title bar state: overlay mode, drag disabled, window buttons hidden, title bar hidden
[2020.10.27-00.39.27:643][  0]LogSlate: Updating window title bar state: overlay mode, drag disabled, window buttons hidden, title bar hidden
[2020.10.27-00.39.27:813][  0]LogCollectionManager: Loaded 0 collections in 0.001400 seconds
[2020.10.27-00.39.28:102][  0]LogFileCache: Scanning file cache for directory 'D:/Users/Desktop/Varest/varest/Saved/Collections/' took 0.00s
[2020.10.27-00.39.28:102][  0]LogFileCache: Scanning file cache for directory 'D:/Users/Desktop/Varest/varest/Content/Developers/Administrator/Collections/' took 0.00s
[2020.10.27-00.39.28:102][  0]LogFileCache: Scanning file cache for directory 'D:/Users/Desktop/Varest/varest/Content/Collections/' took 0.00s
[2020.10.27-00.39.28:102][  0]LogCollectionManager: Rebuilt the GUID cache for 0 collections in 0.000006 seconds
[2020.10.27-00.39.28:155][  0]LogContentBrowser: Native class hierarchy populated in 0.0071 seconds. Added 2870 classes and 685 folders.
[2020.10.27-00.39.28:304][  0]LogContentBrowser: Native class hierarchy updated for 'WidgetCarousel' in 0.0003 seconds. Added 0 classes and 0 folders.
[2020.10.27-00.39.32:123][  0]LogContentBrowser: Native class hierarchy updated for 'AddContentDialog' in 0.0002 seconds. Added 0 classes and 0 folders.
[2020.10.27-00.39.32:181][  0]LogContentBrowser: Native class hierarchy updated for 'SceneOutliner' in 0.0002 seconds. Added 1 classes and 2 folders.
[2020.10.27-00.39.32:966][  0]LogSlate: Took 0.000124 seconds to synchronously load lazily loaded font '../../../Engine/Content/Slate/Fonts/Roboto-Regular.ttf' (155K)
[2020.10.27-00.39.32:969][  0]LogSlate: Took 0.001933 seconds to synchronously load lazily loaded font '../../../Engine/Content/Slate/Fonts/DroidSansFallback.ttf' (3848K)
[2020.10.27-00.39.32:969][  0]LogSlate: Took 0.000100 seconds to synchronously load lazily loaded font '../../../Engine/Content/Slate/Fonts/Roboto-Bold.ttf' (160K)
[2020.10.27-00.39.33:092][  0]LogSlate: Took 0.010031 seconds to synchronously load lazily loaded font '../../../Engine/Content/Editor/Slate/Fonts/FontAwesome.ttf' (139K)
[2020.10.27-00.39.33:627][  0]LogRenderer: Reallocating scene render targets to support 1208x572 Format 10 NumSamples 1 (Frame:1).
[2020.10.27-00.39.34:256][  0]LogContentBrowser: Native class hierarchy updated for 'HierarchicalLODOutliner' in 0.0002 seconds. Added 0 classes and 0 folders.
[2020.10.27-00.39.34:256][  0]LogLoad: (Engine Initialization) Total time: 17.14 seconds
[2020.10.27-00.39.34:256][  0]LogLoad: (Engine Initialization) Total Blueprint compile time: 0.00 seconds
[2020.10.27-00.39.34:642][  0]LogAssetRegistry: Asset discovery search completed in 15.0704 seconds
[2020.10.27-00.39.34:645][  0]LogCollectionManager: Rebuilt the object cache for 0 collections in 0.000004 seconds (found 0 objects)
[2020.10.27-00.39.34:645][  0]LogCollectionManager: Fixed up redirectors for 0 collections in 0.000043 seconds (updated 0 objects)
[2020.10.27-00.39.34:653][  0]LogContentStreaming: Texture pool size now 1000 MB
[2020.10.27-00.39.34:695][  0]LogSlate: Took 0.016427 seconds to synchronously load lazily loaded font '../../../Engine/Content/Slate/Fonts/Roboto-Light.ttf' (167K)
[2020.10.27-00.39.35:414][ 13]LogSlate: Took 0.000129 seconds to synchronously load lazily loaded font '../../../Engine/Content/Slate/Fonts/Roboto-Light.ttf' (167K)
[2020.10.27-00.39.39:850][177]LogSlate: FSceneViewport::OnFocusLost() reason 0
[2020.10.27-00.39.41:839][222]LogAssetEditorManager: Opening Asset editor for WidgetBlueprint /Game/ThirdPersonBP/UI/UI_login.UI_login
[2020.10.27-00.39.42:393][222]LogContentBrowser: Native class hierarchy updated for 'BlueprintGraph' in 0.0004 seconds. Added 121 classes and 0 folders.
[2020.10.27-00.39.43:998][222]LogSlate: Took 0.007302 seconds to synchronously load lazily loaded font '../../../Engine/Content/Slate/Fonts/Roboto-BoldCondensed.ttf' (158K)
[2020.10.27-00.39.45:999][269]LogTemp: Repeating last play command: 选中的视口
[2020.10.27-00.39.46:025][269]LogBlueprintUserMessages: Early PlayInEditor Detection: Level '/Game/ThirdPersonBP/Maps/ThirdPersonExampleMap.ThirdPersonExampleMap:PersistentLevel' has LevelScriptBlueprint '/Game/ThirdPersonBP/Maps/ThirdPersonExampleMap.ThirdPersonExampleMap:PersistentLevel.ThirdPersonExampleMap' with GeneratedClass '/Game/ThirdPersonBP/Maps/ThirdPersonExampleMap.ThirdPersonExampleMap_C' with ClassGeneratedBy '/Game/ThirdPersonBP/Maps/ThirdPersonExampleMap.ThirdPersonExampleMap:PersistentLevel.ThirdPersonExampleMap'
[2020.10.27-00.39.46:037][269]LogPlayLevel: PlayLevel: No blueprints needed recompiling
[2020.10.27-00.39.46:071][269]PIE: New page: PIE会话：ThirdPersonExampleMap（2020年10月27日 下午4:39:46）
[2020.10.27-00.39.46:081][269]LogOnline: OSS: Creating online subsystem instance for: NULL
[2020.10.27-00.39.46:107][269]LogPlayLevel: Creating play world package: /Game/ThirdPersonBP/Maps/UEDPIE_0_ThirdPersonExampleMap
[2020.10.27-00.39.46:139][269]LogPlayLevel: PIE: StaticDuplicateObject took: (0.032221s)
[2020.10.27-00.39.46:185][269]LogAIModule: Creating AISystem for world ThirdPersonExampleMap
[2020.10.27-00.39.46:186][269]LogPlayLevel: PIE: World Init took: (0.018471s)
[2020.10.27-00.39.46:186][269]LogPlayLevel: PIE: Created PIE world by copying editor world from /Game/ThirdPersonBP/Maps/ThirdPersonExampleMap.ThirdPersonExampleMap to /Game/ThirdPersonBP/Maps/UEDPIE_0_ThirdPersonExampleMap.ThirdPersonExampleMap (0.078476s)
[2020.10.27-00.39.46:232][269]LogUObjectHash: Compacting FUObjectHashTables data took   3.70ms
[2020.10.27-00.39.46:262][269]LogInit: XAudio2 using '扬声器 (Realtek(R) Audio)' : 2 channels at 48 kHz using 32 bits per sample (channel mask 0x3)
[2020.10.27-00.39.46:286][269]LogInit: FAudioDevice initialized.
[2020.10.27-00.39.46:303][269]LogLoad: Game class is 'ThirdPersonGameMode_C'
[2020.10.27-00.39.46:305][269]LogWorld: Bringing World /Game/ThirdPersonBP/Maps/UEDPIE_0_ThirdPersonExampleMap.ThirdPersonExampleMap up for play (max tick rate 0) at 2020.10.27-08.39.46
[2020.10.27-00.39.46:318][269]LogWorld: Bringing up level for play took: 0.013811
[2020.10.27-00.39.46:319][269]LogOnline: OSS: Creating online subsystem instance for: :Context_3
[2020.10.27-00.39.46:374][269]LogContentBrowser: Native class hierarchy updated for 'MovieSceneCapture' in 0.0002 seconds. Added 20 classes and 0 folders.
[2020.10.27-00.39.46:427][269]PIE: /Game/ThirdPersonBP/Maps/UEDPIE_0_ThirdPersonExampleMap在编辑器中运行的起始时间1.37
[2020.10.27-00.39.46:428][269]LogBlueprintUserMessages: Late PlayInEditor Detection: Level '/Game/ThirdPersonBP/Maps/ThirdPersonExampleMap.ThirdPersonExampleMap:PersistentLevel' has LevelScriptBlueprint '/Game/ThirdPersonBP/Maps/ThirdPersonExampleMap.ThirdPersonExampleMap:PersistentLevel.ThirdPersonExampleMap' with GeneratedClass '/Game/ThirdPersonBP/Maps/ThirdPersonExampleMap.ThirdPersonExampleMap_C' with ClassGeneratedBy '/Game/ThirdPersonBP/Maps/ThirdPersonExampleMap.ThirdPersonExampleMap:PersistentLevel.ThirdPersonExampleMap'
[2020.10.27-00.39.50:049][354]LogBlueprintUserMessages: Early EndPlayMap Detection: Level '/Game/ThirdPersonBP/Maps/ThirdPersonExampleMap.ThirdPersonExampleMap:PersistentLevel' has LevelScriptBlueprint '/Game/ThirdPersonBP/Maps/ThirdPersonExampleMap.ThirdPersonExampleMap:PersistentLevel.ThirdPersonExampleMap' with GeneratedClass '/Game/ThirdPersonBP/Maps/ThirdPersonExampleMap.ThirdPersonExampleMap_C' with ClassGeneratedBy '/Game/ThirdPersonBP/Maps/ThirdPersonExampleMap.ThirdPersonExampleMap:PersistentLevel.ThirdPersonExampleMap'
[2020.10.27-00.39.50:084][354]LogSlate: Updating window title bar state: overlay mode, drag disabled, window buttons hidden, title bar hidden
[2020.10.27-00.39.50:084][354]LogWorld: BeginTearingDown for /Game/ThirdPersonBP/Maps/UEDPIE_0_ThirdPersonExampleMap
[2020.10.27-00.39.50:085][354]LogWorld: UWorld::CleanupWorld for ThirdPersonExampleMap, bSessionEnded=true, bCleanupResources=true
[2020.10.27-00.39.50:092][354]LogPlayLevel: Display: Shutting down PIE online subsystems
[2020.10.27-00.39.50:092][354]LogBlueprintUserMessages: Late EndPlayMap Detection: Level '/Game/ThirdPersonBP/Maps/ThirdPersonExampleMap.ThirdPersonExampleMap:PersistentLevel' has LevelScriptBlueprint '/Game/ThirdPersonBP/Maps/ThirdPersonExampleMap.ThirdPersonExampleMap:PersistentLevel.ThirdPersonExampleMap' with GeneratedClass '/Game/ThirdPersonBP/Maps/ThirdPersonExampleMap.ThirdPersonExampleMap_C' with ClassGeneratedBy '/Game/ThirdPersonBP/Maps/ThirdPersonExampleMap.ThirdPersonExampleMap:PersistentLevel.ThirdPersonExampleMap'
[2020.10.27-00.39.50:127][354]LogSlate: Updating window title bar state: overlay mode, drag disabled, window buttons hidden, title bar hidden
[2020.10.27-00.39.50:157][354]LogUObjectHash: Compacting FUObjectHashTables data took   3.52ms
[2020.10.27-00.39.50:168][355]LogPlayLevel: Display: Destroying online subsystem :Context_3
[2020.10.27-00.39.54:389][575]LogSlate: Window 'UI_login' being destroyed
[2020.10.27-00.39.56:010][661]LogTemp: Repeating last play command: 选中的视口
[2020.10.27-00.39.56:024][661]LogBlueprintUserMessages: Early PlayInEditor Detection: Level '/Game/ThirdPersonBP/Maps/ThirdPersonExampleMap.ThirdPersonExampleMap:PersistentLevel' has LevelScriptBlueprint '/Game/ThirdPersonBP/Maps/ThirdPersonExampleMap.ThirdPersonExampleMap:PersistentLevel.ThirdPersonExampleMap' with GeneratedClass '/Game/ThirdPersonBP/Maps/ThirdPersonExampleMap.ThirdPersonExampleMap_C' with ClassGeneratedBy '/Game/ThirdPersonBP/Maps/ThirdPersonExampleMap.ThirdPersonExampleMap:PersistentLevel.ThirdPersonExampleMap'
[2020.10.27-00.39.56:025][661]LogPlayLevel: PlayLevel: No blueprints needed recompiling
[2020.10.27-00.39.56:025][661]PIE: New page: PIE会话：ThirdPersonExampleMap（2020年10月27日 下午4:39:56）
[2020.10.27-00.39.56:025][661]LogPlayLevel: Creating play world package: /Game/ThirdPersonBP/Maps/UEDPIE_0_ThirdPersonExampleMap
[2020.10.27-00.39.56:036][661]LogPlayLevel: PIE: StaticDuplicateObject took: (0.010808s)
[2020.10.27-00.39.56:037][661]LogAIModule: Creating AISystem for world ThirdPersonExampleMap
[2020.10.27-00.39.56:048][661]LogPlayLevel: PIE: World Init took: (0.011725s)
[2020.10.27-00.39.56:048][661]LogPlayLevel: PIE: Created PIE world by copying editor world from /Game/ThirdPersonBP/Maps/ThirdPersonExampleMap.ThirdPersonExampleMap to /Game/ThirdPersonBP/Maps/UEDPIE_0_ThirdPersonExampleMap.ThirdPersonExampleMap (0.022793s)
[2020.10.27-00.39.56:076][661]LogUObjectHash: Compacting FUObjectHashTables data took   2.49ms
[2020.10.27-00.39.56:089][661]LogInit: XAudio2 using '扬声器 (Realtek(R) Audio)' : 2 channels at 48 kHz using 32 bits per sample (channel mask 0x3)
[2020.10.27-00.39.56:113][661]LogInit: FAudioDevice initialized.
[2020.10.27-00.39.56:128][661]LogLoad: Game class is 'ThirdPersonGameMode_C'
[2020.10.27-00.39.56:133][661]LogWorld: Bringing World /Game/ThirdPersonBP/Maps/UEDPIE_0_ThirdPersonExampleMap.ThirdPersonExampleMap up for play (max tick rate 0) at 2020.10.27-08.39.56
[2020.10.27-00.39.56:133][661]LogWorld: Bringing up level for play took: 0.004003
[2020.10.27-00.39.56:134][661]LogOnline: OSS: Creating online subsystem instance for: :Context_4
[2020.10.27-00.39.56:141][661]PIE: /Game/ThirdPersonBP/Maps/UEDPIE_0_ThirdPersonExampleMap在编辑器中运行的起始时间1.084
[2020.10.27-00.39.56:141][661]LogBlueprintUserMessages: Late PlayInEditor Detection: Level '/Game/ThirdPersonBP/Maps/ThirdPersonExampleMap.ThirdPersonExampleMap:PersistentLevel' has LevelScriptBlueprint '/Game/ThirdPersonBP/Maps/ThirdPersonExampleMap.ThirdPersonExampleMap:PersistentLevel.ThirdPersonExampleMap' with GeneratedClass '/Game/ThirdPersonBP/Maps/ThirdPersonExampleMap.ThirdPersonExampleMap_C' with ClassGeneratedBy '/Game/ThirdPersonBP/Maps/ThirdPersonExampleMap.ThirdPersonExampleMap:PersistentLevel.ThirdPersonExampleMap'
[2020.10.27-00.39.57:722][703]LogVaRest: UVaRestRequestJSON::ProcessRequest(351): Request (urlencoded): POST 127.0.0.1:8080/dy (check bExtendedLog for additional data)
[2020.10.27-00.39.57:786][705]LogVaRest: Response (200): 
JSON(
{"params":{"result":12345}}
)JSON
[2020.10.27-00.39.57:791][705]LogBlueprintUserMessages: [UI_login_C_0] 12345
[2020.10.27-00.39.58:557][726]LogVaRest: UVaRestRequestJSON::ProcessRequest(351): Request (urlencoded): POST 127.0.0.1:8080/dy (check bExtendedLog for additional data)
[2020.10.27-00.39.58:624][728]LogVaRest: Response (200): 
JSON(
{"params":{"result":12345}}
)JSON
[2020.10.27-00.39.58:629][728]LogBlueprintUserMessages: [UI_login_C_0] 12345
[2020.10.27-00.39.58:758][732]LogVaRest: UVaRestRequestJSON::ProcessRequest(351): Request (urlencoded): POST 127.0.0.1:8080/dy (check bExtendedLog for additional data)
[2020.10.27-00.39.58:792][733]LogVaRest: Response (200): 
JSON(
{"params":{"result":12345}}
)JSON
[2020.10.27-00.39.58:797][733]LogBlueprintUserMessages: [UI_login_C_0] 12345
[2020.10.27-00.39.58:931][737]LogVaRest: UVaRestRequestJSON::ProcessRequest(351): Request (urlencoded): POST 127.0.0.1:8080/dy (check bExtendedLog for additional data)
[2020.10.27-00.39.58:998][739]LogVaRest: Response (200): 
JSON(
{"params":{"result":12345}}
)JSON
[2020.10.27-00.39.59:003][739]LogBlueprintUserMessages: [UI_login_C_0] 12345
[2020.10.27-00.39.59:272][747]LogVaRest: UVaRestRequestJSON::ProcessRequest(351): Request (urlencoded): POST 127.0.0.1:8080/dy (check bExtendedLog for additional data)
[2020.10.27-00.39.59:340][749]LogVaRest: Response (200): 
JSON(
{"params":{"result":12345}}
)JSON
[2020.10.27-00.39.59:343][749]LogBlueprintUserMessages: [UI_login_C_0] 12345
[2020.10.27-00.39.59:441][752]LogVaRest: UVaRestRequestJSON::ProcessRequest(351): Request (urlencoded): POST 127.0.0.1:8080/dy (check bExtendedLog for additional data)
[2020.10.27-00.39.59:475][753]LogVaRest: Response (200): 
JSON(
{"params":{"result":12345}}
)JSON
[2020.10.27-00.39.59:479][753]LogBlueprintUserMessages: [UI_login_C_0] 12345
[2020.10.27-00.39.59:611][757]LogVaRest: UVaRestRequestJSON::ProcessRequest(351): Request (urlencoded): POST 127.0.0.1:8080/dy (check bExtendedLog for additional data)
[2020.10.27-00.39.59:645][758]LogVaRest: Response (200): 
JSON(
{"params":{"result":12345}}
)JSON
[2020.10.27-00.39.59:649][758]LogBlueprintUserMessages: [UI_login_C_0] 12345
[2020.10.27-00.39.59:815][763]LogVaRest: UVaRestRequestJSON::ProcessRequest(351): Request (urlencoded): POST 127.0.0.1:8080/dy (check bExtendedLog for additional data)
[2020.10.27-00.39.59:849][764]LogVaRest: Response (200): 
JSON(
{"params":{"result":12345}}
)JSON
[2020.10.27-00.39.59:854][764]LogBlueprintUserMessages: [UI_login_C_0] 12345
[2020.10.27-00.40.02:523][830]LogBlueprintUserMessages: Early EndPlayMap Detection: Level '/Game/ThirdPersonBP/Maps/ThirdPersonExampleMap.ThirdPersonExampleMap:PersistentLevel' has LevelScriptBlueprint '/Game/ThirdPersonBP/Maps/ThirdPersonExampleMap.ThirdPersonExampleMap:PersistentLevel.ThirdPersonExampleMap' with GeneratedClass '/Game/ThirdPersonBP/Maps/ThirdPersonExampleMap.ThirdPersonExampleMap_C' with ClassGeneratedBy '/Game/ThirdPersonBP/Maps/ThirdPersonExampleMap.ThirdPersonExampleMap:PersistentLevel.ThirdPersonExampleMap'
[2020.10.27-00.40.02:524][830]LogSlate: Updating window title bar state: overlay mode, drag disabled, window buttons hidden, title bar hidden
[2020.10.27-00.40.02:524][830]LogWorld: BeginTearingDown for /Game/ThirdPersonBP/Maps/UEDPIE_0_ThirdPersonExampleMap
[2020.10.27-00.40.02:524][830]LogWorld: UWorld::CleanupWorld for ThirdPersonExampleMap, bSessionEnded=true, bCleanupResources=true
[2020.10.27-00.40.02:600][830]LogPlayLevel: Display: Shutting down PIE online subsystems
[2020.10.27-00.40.02:601][830]LogBlueprintUserMessages: Late EndPlayMap Detection: Level '/Game/ThirdPersonBP/Maps/ThirdPersonExampleMap.ThirdPersonExampleMap:PersistentLevel' has LevelScriptBlueprint '/Game/ThirdPersonBP/Maps/ThirdPersonExampleMap.ThirdPersonExampleMap:PersistentLevel.ThirdPersonExampleMap' with GeneratedClass '/Game/ThirdPersonBP/Maps/ThirdPersonExampleMap.ThirdPersonExampleMap_C' with ClassGeneratedBy '/Game/ThirdPersonBP/Maps/ThirdPersonExampleMap.ThirdPersonExampleMap:PersistentLevel.ThirdPersonExampleMap'
[2020.10.27-00.40.02:635][830]LogSlate: Updating window title bar state: overlay mode, drag disabled, window buttons hidden, title bar hidden
[2020.10.27-00.40.02:638][830]LogUObjectHash: Compacting FUObjectHashTables data took   2.27ms
[2020.10.27-00.40.02:648][831]LogPlayLevel: Display: Destroying online subsystem :Context_4
[2020.10.27-00.40.34:306][523]LogEditorSessionSummary: EditorSessionSummary sent report. Type=Shutdown, SessionId={792CEA25-4745-541E-AEF5-DD916E03E8F4}
[2020.10.27-00.45.22:263][987]LogSlate: FSceneViewport::OnFocusLost() reason 0
